{"/Users/joshuadavis/Desktop/api-plantscape/app.js": {"path":"/Users/joshuadavis/Desktop/api-plantscape/app.js","statementMap":{"0":{"start":{"line":7,"column":0},"end":{"line":7,"column":15}},"1":{"start":{"line":12,"column":12},"end":{"line":12,"column":21}},"2":{"start":{"line":14,"column":0},"end":{"line":14,"column":15}},"3":{"start":{"line":15,"column":0},"end":{"line":15,"column":23}},"4":{"start":{"line":16,"column":0},"end":{"line":16,"column":47}},"5":{"start":{"line":18,"column":0},"end":{"line":20,"column":33}},"6":{"start":{"line":20,"column":16},"end":{"line":20,"column":32}},"7":{"start":{"line":23,"column":0},"end":{"line":25,"column":2}},"8":{"start":{"line":24,"column":4},"end":{"line":24,"column":42}},"9":{"start":{"line":27,"column":0},"end":{"line":27,"column":29}},"10":{"start":{"line":28,"column":0},"end":{"line":28,"column":31}}},"fnMap":{"0":{"name":"(anonymous_0)","decl":{"start":{"line":20,"column":9},"end":{"line":20,"column":10}},"loc":{"start":{"line":20,"column":16},"end":{"line":20,"column":32}},"line":20},"1":{"name":"(anonymous_1)","decl":{"start":{"line":23,"column":13},"end":{"line":23,"column":14}},"loc":{"start":{"line":23,"column":27},"end":{"line":25,"column":1}},"line":23}},"branchMap":{},"s":{"0":3,"1":3,"2":3,"3":3,"4":3,"5":3,"6":0,"7":3,"8":1,"9":3,"10":3},"f":{"0":0,"1":1},"b":{},"_coverageSchema":"1a1c01bbd47fc00a2c39e90264f33305004495a9","hash":"18688d65dfca050e03b9614afc772d109d9cc887"}
,"/Users/joshuadavis/Desktop/api-plantscape/controllers/plantRoutes.js": {"path":"/Users/joshuadavis/Desktop/api-plantscape/controllers/plantRoutes.js","statementMap":{"0":{"start":{"line":3,"column":0},"end":{"line":3,"column":16}},"1":{"start":{"line":9,"column":15},"end":{"line":9,"column":23}},"2":{"start":{"line":11,"column":21},"end":{"line":18,"column":1}},"3":{"start":{"line":12,"column":17},"end":{"line":12,"column":102}},"4":{"start":{"line":14,"column":17},"end":{"line":14,"column":36}},"5":{"start":{"line":15,"column":20},"end":{"line":15,"column":37}},"6":{"start":{"line":17,"column":4},"end":{"line":17,"column":19}},"7":{"start":{"line":21,"column":0},"end":{"line":43,"column":3}},"8":{"start":{"line":24,"column":19},"end":{"line":24,"column":27}},"9":{"start":{"line":26,"column":2},"end":{"line":42,"column":3}},"10":{"start":{"line":27,"column":4},"end":{"line":39,"column":66}},"11":{"start":{"line":28,"column":31},"end":{"line":28,"column":33}},"12":{"start":{"line":29,"column":6},"end":{"line":32,"column":9}},"13":{"start":{"line":30,"column":21},"end":{"line":30,"column":42}},"14":{"start":{"line":31,"column":7},"end":{"line":31,"column":38}},"15":{"start":{"line":33,"column":7},"end":{"line":38,"column":8}},"16":{"start":{"line":36,"column":8},"end":{"line":36,"column":39}},"17":{"start":{"line":39,"column":11},"end":{"line":39,"column":66}},"18":{"start":{"line":41,"column":4},"end":{"line":41,"column":47}},"19":{"start":{"line":46,"column":0},"end":{"line":59,"column":3}},"20":{"start":{"line":47,"column":16},"end":{"line":47,"column":27}},"21":{"start":{"line":48,"column":2},"end":{"line":58,"column":3}},"22":{"start":{"line":49,"column":4},"end":{"line":55,"column":66}},"23":{"start":{"line":50,"column":6},"end":{"line":54,"column":63}},"24":{"start":{"line":53,"column":24},"end":{"line":53,"column":35}},"25":{"start":{"line":54,"column":27},"end":{"line":54,"column":61}},"26":{"start":{"line":55,"column":11},"end":{"line":55,"column":66}},"27":{"start":{"line":57,"column":4},"end":{"line":57,"column":47}}},"fnMap":{"0":{"name":"(anonymous_0)","decl":{"start":{"line":11,"column":21},"end":{"line":11,"column":22}},"loc":{"start":{"line":11,"column":40},"end":{"line":18,"column":1}},"line":11},"1":{"name":"(anonymous_1)","decl":{"start":{"line":21,"column":32},"end":{"line":21,"column":33}},"loc":{"start":{"line":21,"column":52},"end":{"line":43,"column":1}},"line":21},"2":{"name":"(anonymous_2)","decl":{"start":{"line":29,"column":19},"end":{"line":29,"column":20}},"loc":{"start":{"line":29,"column":32},"end":{"line":32,"column":7}},"line":29},"3":{"name":"(anonymous_3)","decl":{"start":{"line":33,"column":42},"end":{"line":33,"column":43}},"loc":{"start":{"line":33,"column":56},"end":{"line":37,"column":9}},"line":33},"4":{"name":"(anonymous_4)","decl":{"start":{"line":46,"column":31},"end":{"line":46,"column":32}},"loc":{"start":{"line":46,"column":51},"end":{"line":59,"column":1}},"line":46},"5":{"name":"(anonymous_5)","decl":{"start":{"line":53,"column":14},"end":{"line":53,"column":15}},"loc":{"start":{"line":53,"column":24},"end":{"line":53,"column":35}},"line":53},"6":{"name":"(anonymous_6)","decl":{"start":{"line":54,"column":14},"end":{"line":54,"column":15}},"loc":{"start":{"line":54,"column":27},"end":{"line":54,"column":61}},"line":54}},"branchMap":{"0":{"loc":{"start":{"line":27,"column":4},"end":{"line":39,"column":66}},"type":"if","locations":[{"start":{"line":27,"column":4},"end":{"line":39,"column":66}},{"start":{"line":39,"column":11},"end":{"line":39,"column":66}}],"line":27},"1":{"loc":{"start":{"line":49,"column":4},"end":{"line":55,"column":66}},"type":"if","locations":[{"start":{"line":49,"column":4},"end":{"line":55,"column":66}},{"start":{"line":55,"column":11},"end":{"line":55,"column":66}}],"line":49}},"s":{"0":3,"1":3,"2":3,"3":0,"4":0,"5":0,"6":0,"7":3,"8":0,"9":0,"10":0,"11":0,"12":0,"13":0,"14":0,"15":0,"16":0,"17":0,"18":0,"19":3,"20":2,"21":2,"22":2,"23":1,"24":1,"25":1,"26":1,"27":0},"f":{"0":0,"1":0,"2":0,"3":0,"4":2,"5":1,"6":1},"b":{"0":[0,0],"1":[1,1]},"_coverageSchema":"1a1c01bbd47fc00a2c39e90264f33305004495a9","hash":"537e72abbfd048cb9d467f2140902df9404fb056"}
,"/Users/joshuadavis/Desktop/api-plantscape/controllers/userFunctions.js": {"path":"/Users/joshuadavis/Desktop/api-plantscape/controllers/userFunctions.js","statementMap":{"0":{"start":{"line":4,"column":4},"end":{"line":11,"column":5}},"1":{"start":{"line":5,"column":22},"end":{"line":5,"column":61}},"2":{"start":{"line":6,"column":8},"end":{"line":6,"column":49}},"3":{"start":{"line":7,"column":8},"end":{"line":7,"column":14}},"4":{"start":{"line":10,"column":8},"end":{"line":10,"column":44}}},"fnMap":{"0":{"name":"authenticated","decl":{"start":{"line":3,"column":9},"end":{"line":3,"column":22}},"loc":{"start":{"line":3,"column":39},"end":{"line":12,"column":1}},"line":3}},"branchMap":{},"s":{"0":4,"1":4,"2":4,"3":4,"4":0},"f":{"0":4},"b":{},"_coverageSchema":"1a1c01bbd47fc00a2c39e90264f33305004495a9","hash":"3bdeb933db4337f9266502ae9eba375429908266"}
,"/Users/joshuadavis/Desktop/api-plantscape/controllers/userRoutes.js": {"path":"/Users/joshuadavis/Desktop/api-plantscape/controllers/userRoutes.js","statementMap":{"0":{"start":{"line":9,"column":15},"end":{"line":9,"column":23}},"1":{"start":{"line":11,"column":0},"end":{"line":11,"column":80}},"2":{"start":{"line":11,"column":36},"end":{"line":11,"column":79}},"3":{"start":{"line":13,"column":0},"end":{"line":33,"column":1}},"4":{"start":{"line":14,"column":8},"end":{"line":31,"column":63}},"5":{"start":{"line":16,"column":33},"end":{"line":16,"column":83}},"6":{"start":{"line":18,"column":12},"end":{"line":29,"column":43}},"7":{"start":{"line":18,"column":32},"end":{"line":18,"column":84}},"8":{"start":{"line":20,"column":31},"end":{"line":20,"column":71}},"9":{"start":{"line":21,"column":25},"end":{"line":25,"column":32}},"10":{"start":{"line":28,"column":28},"end":{"line":28,"column":56}},"11":{"start":{"line":29,"column":13},"end":{"line":29,"column":42}},"12":{"start":{"line":31,"column":22},"end":{"line":31,"column":62}},"13":{"start":{"line":35,"column":0},"end":{"line":55,"column":1}},"14":{"start":{"line":37,"column":27},"end":{"line":37,"column":75}},"15":{"start":{"line":39,"column":8},"end":{"line":53,"column":13}},"16":{"start":{"line":40,"column":16},"end":{"line":40,"column":65}},"17":{"start":{"line":43,"column":40},"end":{"line":43,"column":100}},"18":{"start":{"line":44,"column":16},"end":{"line":52,"column":21}},"19":{"start":{"line":47,"column":34},"end":{"line":47,"column":111}},"20":{"start":{"line":48,"column":31},"end":{"line":48,"column":45}},"21":{"start":{"line":49,"column":21},"end":{"line":49,"column":54}},"22":{"start":{"line":51,"column":24},"end":{"line":51,"column":85}},"23":{"start":{"line":59,"column":0},"end":{"line":67,"column":1}},"24":{"start":{"line":60,"column":4},"end":{"line":65,"column":51}},"25":{"start":{"line":61,"column":19},"end":{"line":61,"column":32}},"26":{"start":{"line":62,"column":27},"end":{"line":62,"column":55}},"27":{"start":{"line":63,"column":8},"end":{"line":63,"column":103}},"28":{"start":{"line":65,"column":18},"end":{"line":65,"column":50}},"29":{"start":{"line":70,"column":0},"end":{"line":81,"column":1}},"30":{"start":{"line":71,"column":4},"end":{"line":79,"column":51}},"31":{"start":{"line":72,"column":19},"end":{"line":72,"column":32}},"32":{"start":{"line":73,"column":32},"end":{"line":73,"column":40}},"33":{"start":{"line":74,"column":8},"end":{"line":78,"column":59}},"34":{"start":{"line":75,"column":32},"end":{"line":75,"column":99}},"35":{"start":{"line":76,"column":12},"end":{"line":76,"column":52}},"36":{"start":{"line":78,"column":14},"end":{"line":78,"column":58}},"37":{"start":{"line":79,"column":20},"end":{"line":79,"column":50}},"38":{"start":{"line":84,"column":0},"end":{"line":95,"column":4}},"39":{"start":{"line":85,"column":4},"end":{"line":94,"column":5}},"40":{"start":{"line":86,"column":19},"end":{"line":86,"column":67}},"41":{"start":{"line":87,"column":6},"end":{"line":91,"column":7}},"42":{"start":{"line":88,"column":8},"end":{"line":88,"column":27}},"43":{"start":{"line":90,"column":8},"end":{"line":90,"column":57}},"44":{"start":{"line":93,"column":6},"end":{"line":93,"column":50}}},"fnMap":{"0":{"name":"(anonymous_0)","decl":{"start":{"line":11,"column":16},"end":{"line":11,"column":17}},"loc":{"start":{"line":11,"column":36},"end":{"line":11,"column":79}},"line":11},"1":{"name":"(anonymous_1)","decl":{"start":{"line":13,"column":25},"end":{"line":13,"column":26}},"loc":{"start":{"line":13,"column":45},"end":{"line":32,"column":5}},"line":13},"2":{"name":"(anonymous_2)","decl":{"start":{"line":35,"column":22},"end":{"line":35,"column":23}},"loc":{"start":{"line":35,"column":42},"end":{"line":54,"column":5}},"line":35},"3":{"name":"(anonymous_3)","decl":{"start":{"line":59,"column":34},"end":{"line":59,"column":35}},"loc":{"start":{"line":59,"column":54},"end":{"line":66,"column":5}},"line":59},"4":{"name":"(anonymous_4)","decl":{"start":{"line":70,"column":34},"end":{"line":70,"column":35}},"loc":{"start":{"line":70,"column":54},"end":{"line":80,"column":1}},"line":70},"5":{"name":"(anonymous_5)","decl":{"start":{"line":84,"column":22},"end":{"line":84,"column":23}},"loc":{"start":{"line":84,"column":42},"end":{"line":95,"column":3}},"line":84}},"branchMap":{"0":{"loc":{"start":{"line":18,"column":12},"end":{"line":29,"column":43}},"type":"if","locations":[{"start":{"line":18,"column":12},"end":{"line":29,"column":43}},{"start":{"line":20,"column":17},"end":{"line":29,"column":43}}],"line":18},"1":{"loc":{"start":{"line":39,"column":8},"end":{"line":53,"column":13}},"type":"if","locations":[{"start":{"line":39,"column":8},"end":{"line":53,"column":13}},{"start":{"line":41,"column":19},"end":{"line":53,"column":13}}],"line":39},"2":{"loc":{"start":{"line":44,"column":16},"end":{"line":52,"column":21}},"type":"if","locations":[{"start":{"line":44,"column":16},"end":{"line":52,"column":21}},{"start":{"line":50,"column":27},"end":{"line":52,"column":21}}],"line":44},"3":{"loc":{"start":{"line":63,"column":8},"end":{"line":63,"column":103}},"type":"cond-expr","locations":[{"start":{"line":63,"column":21},"end":{"line":63,"column":53}},{"start":{"line":63,"column":56},"end":{"line":63,"column":103}}],"line":63},"4":{"loc":{"start":{"line":74,"column":8},"end":{"line":78,"column":59}},"type":"if","locations":[{"start":{"line":74,"column":8},"end":{"line":78,"column":59}},{"start":{"line":78,"column":13},"end":{"line":78,"column":59}}],"line":74},"5":{"loc":{"start":{"line":87,"column":6},"end":{"line":91,"column":7}},"type":"if","locations":[{"start":{"line":87,"column":6},"end":{"line":91,"column":7}},{"start":{"line":89,"column":13},"end":{"line":91,"column":7}}],"line":87}},"s":{"0":3,"1":3,"2":3,"3":3,"4":4,"5":4,"6":4,"7":1,"8":3,"9":3,"10":3,"11":3,"12":0,"13":3,"14":5,"15":5,"16":1,"17":4,"18":4,"19":4,"20":4,"21":4,"22":0,"23":3,"24":1,"25":1,"26":1,"27":1,"28":0,"29":3,"30":1,"31":1,"32":1,"33":1,"34":1,"35":1,"36":0,"37":0,"38":3,"39":3,"40":3,"41":3,"42":3,"43":0,"44":0},"f":{"0":3,"1":4,"2":5,"3":1,"4":1,"5":3},"b":{"0":[1,3],"1":[1,4],"2":[4,0],"3":[1,0],"4":[1,0],"5":[3,0]},"_coverageSchema":"1a1c01bbd47fc00a2c39e90264f33305004495a9","hash":"25329898c42e447d708bdc214446bacc940b175a"}
,"/Users/joshuadavis/Desktop/api-plantscape/models/AreaModel.js": {"path":"/Users/joshuadavis/Desktop/api-plantscape/models/AreaModel.js","statementMap":{"0":{"start":{"line":3,"column":19},"end":{"line":7,"column":2}},"1":{"start":{"line":10,"column":18},"end":{"line":10,"column":52}}},"fnMap":{},"branchMap":{},"s":{"0":3,"1":3},"f":{},"b":{},"_coverageSchema":"1a1c01bbd47fc00a2c39e90264f33305004495a9","hash":"e03a5754f08a16a0c3f4530bd1faf59f1460a2e4"}
,"/Users/joshuadavis/Desktop/api-plantscape/models/SpaceModel.js": {"path":"/Users/joshuadavis/Desktop/api-plantscape/models/SpaceModel.js","statementMap":{"0":{"start":{"line":4,"column":20},"end":{"line":10,"column":2}},"1":{"start":{"line":14,"column":19},"end":{"line":14,"column":55}}},"fnMap":{},"branchMap":{},"s":{"0":3,"1":3},"f":{},"b":{},"_coverageSchema":"1a1c01bbd47fc00a2c39e90264f33305004495a9","hash":"4112acb0c26dea8de340fa2314eb30e23b2886c1"}
,"/Users/joshuadavis/Desktop/api-plantscape/models/UserModel.js": {"path":"/Users/joshuadavis/Desktop/api-plantscape/models/UserModel.js","statementMap":{"0":{"start":{"line":4,"column":19},"end":{"line":11,"column":2}},"1":{"start":{"line":13,"column":18},"end":{"line":13,"column":52}}},"fnMap":{},"branchMap":{},"s":{"0":3,"1":3},"f":{},"b":{},"_coverageSchema":"1a1c01bbd47fc00a2c39e90264f33305004495a9","hash":"c6a1bd7a93a93f199d4dff9505ab7c2ff02c586f"}
}
