TN:
SF:app.js
FN:20,(anonymous_0)
FN:23,(anonymous_1)
FNF:2
FNH:1
FNDA:0,(anonymous_0)
FNDA:1,(anonymous_1)
DA:7,2
DA:12,2
DA:14,2
DA:15,2
DA:16,2
DA:18,2
DA:20,0
DA:23,2
DA:24,1
DA:27,2
DA:28,2
LF:11
LH:10
BRF:0
BRH:0
end_of_record
TN:
SF:controllers/plantRoutes.js
FN:12,(anonymous_0)
FN:16,(anonymous_1)
FN:17,(anonymous_2)
FNF:3
FNH:0
FNDA:0,(anonymous_0)
FNDA:0,(anonymous_1)
FNDA:0,(anonymous_2)
DA:3,2
DA:10,2
DA:12,2
DA:13,0
DA:14,0
DA:15,0
DA:16,0
DA:17,0
DA:18,0
LF:9
LH:3
BRDA:14,0,0,0
BRDA:14,0,1,0
BRF:2
BRH:0
end_of_record
TN:
SF:controllers/userFunctions.js
FN:3,authenticated
FNF:1
FNH:1
FNDA:1,authenticated
DA:4,1
DA:5,1
DA:6,1
DA:7,1
DA:10,0
LF:5
LH:4
BRF:0
BRH:0
end_of_record
TN:
SF:controllers/userRoutes.js
FN:10,(anonymous_0)
FN:12,(anonymous_1)
FN:34,(anonymous_2)
FN:58,(anonymous_3)
FN:68,(anonymous_4)
FN:84,(anonymous_5)
FNF:6
FNH:5
FNDA:3,(anonymous_0)
FNDA:2,(anonymous_1)
FNDA:3,(anonymous_2)
FNDA:1,(anonymous_3)
FNDA:0,(anonymous_4)
FNDA:1,(anonymous_5)
DA:8,2
DA:10,3
DA:12,2
DA:13,2
DA:15,2
DA:17,2
DA:19,1
DA:20,1
DA:27,1
DA:28,1
DA:30,0
DA:34,2
DA:36,3
DA:38,3
DA:39,1
DA:42,2
DA:43,2
DA:46,2
DA:47,2
DA:48,2
DA:50,0
DA:58,2
DA:59,1
DA:60,1
DA:61,1
DA:62,1
DA:64,0
DA:68,2
DA:69,0
DA:70,0
DA:71,0
DA:72,0
DA:73,0
DA:74,0
DA:75,0
DA:77,0
DA:78,0
DA:84,2
DA:85,1
DA:86,1
DA:87,1
DA:88,1
DA:90,0
DA:93,0
LF:44
LH:30
BRDA:17,0,0,1
BRDA:17,0,1,1
BRDA:38,1,0,1
BRDA:38,1,1,2
BRDA:43,2,0,2
BRDA:43,2,1,0
BRDA:62,3,0,1
BRDA:62,3,1,0
BRDA:72,4,0,0
BRDA:72,4,1,0
BRDA:87,5,0,1
BRDA:87,5,1,0
BRF:12
BRH:7
end_of_record
TN:
SF:models/AreaModel.js
FNF:0
FNH:0
DA:4,2
DA:11,2
LF:2
LH:2
BRF:0
BRH:0
end_of_record
TN:
SF:models/AreaPlantModel.js
FNF:0
FNH:0
DA:3,2
DA:9,2
LF:2
LH:2
BRF:0
BRH:0
end_of_record
TN:
SF:models/SpaceModel.js
FNF:0
FNH:0
DA:4,2
DA:15,2
LF:2
LH:2
BRF:0
BRH:0
end_of_record
TN:
SF:models/UserModel.js
FNF:0
FNH:0
DA:4,2
DA:13,2
LF:2
LH:2
BRF:0
BRH:0
end_of_record
