TN:
SF:app.js
FN:20,(anonymous_0)
FN:23,(anonymous_1)
FNF:2
FNH:1
FNDA:0,(anonymous_0)
FNDA:1,(anonymous_1)
DA:7,2
DA:12,2
DA:14,2
DA:15,2
DA:16,2
DA:18,2
DA:20,0
DA:23,2
DA:24,1
DA:27,2
DA:28,2
LF:11
LH:10
BRF:0
BRH:0
end_of_record
TN:
SF:controllers/plantRoutes.js
FN:10,(anonymous_0)
FN:18,(anonymous_1)
FN:26,(anonymous_2)
FN:27,(anonymous_3)
FN:30,(anonymous_4)
FN:33,(anonymous_5)
FNF:6
FNH:0
FNDA:0,(anonymous_0)
FNDA:0,(anonymous_1)
FNDA:0,(anonymous_2)
FNDA:0,(anonymous_3)
FNDA:0,(anonymous_4)
FNDA:0,(anonymous_5)
DA:3,2
DA:8,2
DA:10,2
DA:11,0
DA:14,0
DA:15,0
DA:18,2
DA:19,0
DA:20,0
DA:21,0
DA:22,0
DA:23,0
DA:26,0
DA:27,0
DA:28,0
DA:29,0
DA:30,0
DA:31,0
DA:33,0
DA:34,0
DA:36,0
LF:21
LH:4
BRDA:22,0,0,0
BRDA:22,0,1,0
BRDA:28,1,0,0
BRDA:28,1,1,0
BRF:4
BRH:0
end_of_record
TN:
SF:controllers/userFunctions.js
FN:3,authenticated
FNF:1
FNH:1
FNDA:1,authenticated
DA:4,1
DA:5,1
DA:6,1
DA:7,1
DA:10,0
LF:5
LH:4
BRF:0
BRH:0
end_of_record
TN:
SF:controllers/userRoutes.js
FN:10,(anonymous_0)
FN:12,(anonymous_1)
FN:34,(anonymous_2)
FN:58,(anonymous_3)
FN:69,(anonymous_4)
FN:83,(anonymous_5)
FNF:6
FNH:5
FNDA:3,(anonymous_0)
FNDA:3,(anonymous_1)
FNDA:3,(anonymous_2)
FNDA:1,(anonymous_3)
FNDA:0,(anonymous_4)
FNDA:2,(anonymous_5)
DA:8,2
DA:10,3
DA:12,2
DA:13,3
DA:15,3
DA:17,3
DA:19,2
DA:20,2
DA:27,2
DA:28,2
DA:30,0
DA:34,2
DA:36,3
DA:38,3
DA:39,1
DA:42,2
DA:43,2
DA:46,2
DA:47,2
DA:48,2
DA:50,0
DA:58,2
DA:59,1
DA:60,1
DA:61,1
DA:62,1
DA:64,0
DA:69,2
DA:70,0
DA:71,0
DA:72,0
DA:73,0
DA:74,0
DA:75,0
DA:77,0
DA:78,0
DA:83,2
DA:84,2
DA:85,2
DA:86,2
DA:87,2
DA:89,0
DA:92,0
LF:43
LH:30
BRDA:17,0,0,1
BRDA:17,0,1,2
BRDA:38,1,0,1
BRDA:38,1,1,2
BRDA:43,2,0,2
BRDA:43,2,1,0
BRDA:62,3,0,1
BRDA:62,3,1,0
BRDA:73,4,0,0
BRDA:73,4,1,0
BRDA:86,5,0,2
BRDA:86,5,1,0
BRF:12
BRH:7
end_of_record
TN:
SF:models/AreaModel.js
FNF:0
FNH:0
DA:4,2
DA:11,2
LF:2
LH:2
BRF:0
BRH:0
end_of_record
TN:
SF:models/AreaPlantModel.js
FNF:0
FNH:0
DA:3,2
DA:9,2
LF:2
LH:2
BRF:0
BRH:0
end_of_record
TN:
SF:models/SpaceModel.js
FNF:0
FNH:0
DA:4,2
DA:15,2
LF:2
LH:2
BRF:0
BRH:0
end_of_record
TN:
SF:models/UserModel.js
FNF:0
FNH:0
DA:4,2
DA:13,2
LF:2
LH:2
BRF:0
BRH:0
end_of_record
